{20:39:46.120} INFO: [Game]   > System locale is 'Es'
{20:39:46.120} INFO: [Game]   > Speech locale is 'Es'
{20:39:46.136} INFO: [System] > Build version: 6.2021.0529.1322
{20:39:46.136} INFO: [System] > [PID] 5612
{20:39:46.168} INFO: [System] > [CPU] vendor: GenuineIntel, features: SSSE3 SSE4.1 SSE4.2 AVX AVX2 F16C FMA CX16 POPCNT LZCNT BMI1 BMI2 HTT, clock frequency: 2904.00MHz
{20:39:46.168} INFO: [System] > [CPU] CPUs: 1, Cores: 6, HT: Disabled, Logical processors: 6
{20:39:46.177} INFO: [JobManager] > TM836f3765, dedicated worker threads: 1 + 4, num cpus: 6
{20:39:46.178} INFO: [ODE]        > [ode::dInitialize] SSE path
{20:39:46.661} INFO: [INFO]       > Your game data appear to be corrupted. Multiplayer mode will be disabled.
{20:39:46.860} INFO: [Renderer]   > [r_Initialize] Loaded from rd3d11_x64_rwdi.dll.
{20:39:46.860} INFO: [Renderer]   > Enumerating D3D11 video adapters:
{20:39:46.865} INFO: [Renderer]   > Adapter 1: NVIDIA GeForce GTX 1050 Ti 4017MB/8159MB/0MB
{20:39:46.865} INFO: [Renderer]   |   Output 0: [0,0 - 1920,1080] \\.\DISPLAY1
{20:39:46.865} INFO: [Renderer]   > Adapter 2: Microsoft Basic Render Driver 0MB/8159MB/0MB
{20:39:47.004} INFO: [Renderer]   > Renderer started in DX11 mode.
{20:39:47.098} INFO: [Renderer]   > DDraw reported 4,088M free texture memory.
{20:39:47.162} INFO: [Renderer]   > [CheckSLI] Single GPU system
{20:39:47.164} INFO: [Renderer]   > Renderer: supported display modes:
{20:39:47.164} INFO: [Renderer]   |  640x480, bpp:24, hz:75.00, fmt: A8R8G8B8
{20:39:47.164} INFO: [Renderer]   |  640x480, bpp:24, hz:72.00, fmt: A8R8G8B8
{20:39:47.164} INFO: [Renderer]   |  640x480, bpp:24, hz:60.00, fmt: A8R8G8B8
{20:39:47.164} INFO: [Renderer]   |  720x480, bpp:24, hz:60.00, fmt: A8R8G8B8
{20:39:47.164} INFO: [Renderer]   |  720x480, bpp:24, hz:59.94, fmt: A8R8G8B8
{20:39:47.164} INFO: [Renderer]   |  720x576, bpp:24, hz:50.00, fmt: A8R8G8B8
{20:39:47.164} INFO: [Renderer]   |  800x600, bpp:24, hz:75.00, fmt: A8R8G8B8
{20:39:47.164} INFO: [Renderer]   |  800x600, bpp:24, hz:72.19, fmt: A8R8G8B8
{20:39:47.164} INFO: [Renderer]   |  800x600, bpp:24, hz:60.32, fmt: A8R8G8B8
{20:39:47.164} INFO: [Renderer]   |  800x600, bpp:24, hz:56.25, fmt: A8R8G8B8
{20:39:47.164} INFO: [Renderer]   |  1024x768, bpp:24, hz:75.03, fmt: A8R8G8B8
{20:39:47.164} INFO: [Renderer]   |  1024x768, bpp:24, hz:70.07, fmt: A8R8G8B8
{20:39:47.164} INFO: [Renderer]   |  1024x768, bpp:24, hz:60.00, fmt: A8R8G8B8
{20:39:47.164} INFO: [Renderer]   |  1152x864, bpp:24, hz:75.00, fmt: A8R8G8B8
{20:39:47.164} INFO: [Renderer]   |  1176x664, bpp:24, hz:60.00, fmt: A8R8G8B8
{20:39:47.164} INFO: [Renderer]   |  1176x664, bpp:24, hz:60.00, fmt: A8R8G8B8
{20:39:47.164} INFO: [Renderer]   |  1176x664, bpp:24, hz:59.94, fmt: A8R8G8B8
{20:39:47.164} INFO: [Renderer]   |  1176x664, bpp:24, hz:59.94, fmt: A8R8G8B8
{20:39:47.164} INFO: [Renderer]   |  1176x664, bpp:24, hz:50.00, fmt: A8R8G8B8
{20:39:47.164} INFO: [Renderer]   |  1176x664, bpp:24, hz:50.00, fmt: A8R8G8B8
{20:39:47.164} INFO: [Renderer]   |  1280x720, bpp:24, hz:60.00, fmt: A8R8G8B8
{20:39:47.164} INFO: [Renderer]   |  1280x720, bpp:24, hz:59.94, fmt: A8R8G8B8
{20:39:47.164} INFO: [Renderer]   |  1280x720, bpp:24, hz:50.00, fmt: A8R8G8B8
{20:39:47.164} INFO: [Renderer]   |  1280x768, bpp:24, hz:59.81, fmt: A8R8G8B8
{20:39:47.164} INFO: [Renderer]   |  1280x768, bpp:24, hz:59.81, fmt: A8R8G8B8
{20:39:47.164} INFO: [Renderer]   |  1280x800, bpp:24, hz:59.81, fmt: A8R8G8B8
{20:39:47.164} INFO: [Renderer]   |  1280x960, bpp:24, hz:75.03, fmt: A8R8G8B8
{20:39:47.164} INFO: [Renderer]   |  1280x960, bpp:24, hz:75.03, fmt: A8R8G8B8
{20:39:47.164} INFO: [Renderer]   |  1280x960, bpp:24, hz:60.02, fmt: A8R8G8B8
{20:39:47.164} INFO: [Renderer]   |  1280x960, bpp:24, hz:60.02, fmt: A8R8G8B8
{20:39:47.164} INFO: [Renderer]   |  1280x1024, bpp:24, hz:75.03, fmt: A8R8G8B8
{20:39:47.164} INFO: [Renderer]   |  1280x1024, bpp:24, hz:60.02, fmt: A8R8G8B8
{20:39:47.164} INFO: [Renderer]   |  1360x768, bpp:24, hz:59.89, fmt: A8R8G8B8
{20:39:47.164} INFO: [Renderer]   |  1360x768, bpp:24, hz:59.89, fmt: A8R8G8B8
{20:39:47.164} INFO: [Renderer]   |  1366x768, bpp:24, hz:59.89, fmt: A8R8G8B8
{20:39:47.164} INFO: [Renderer]   |  1366x768, bpp:24, hz:59.89, fmt: A8R8G8B8
{20:39:47.164} INFO: [Renderer]   |  1440x900, bpp:24, hz:59.89, fmt: A8R8G8B8
{20:39:47.164} INFO: [Renderer]   |  1440x1080, bpp:24, hz:74.97, fmt: A8R8G8B8
{20:39:47.164} INFO: [Renderer]   |  1440x1080, bpp:24, hz:74.97, fmt: A8R8G8B8
{20:39:47.164} INFO: [Renderer]   |  1440x1080, bpp:24, hz:60.00, fmt: A8R8G8B8
{20:39:47.164} INFO: [Renderer]   |  1440x1080, bpp:24, hz:60.00, fmt: A8R8G8B8
{20:39:47.164} INFO: [Renderer]   |  1440x1080, bpp:24, hz:59.94, fmt: A8R8G8B8
{20:39:47.164} INFO: [Renderer]   |  1440x1080, bpp:24, hz:59.94, fmt: A8R8G8B8
{20:39:47.164} INFO: [Renderer]   |  1440x1080, bpp:24, hz:50.00, fmt: A8R8G8B8
{20:39:47.164} INFO: [Renderer]   |  1440x1080, bpp:24, hz:50.00, fmt: A8R8G8B8
{20:39:47.164} INFO: [Renderer]   |  1600x900, bpp:24, hz:60.00, fmt: A8R8G8B8
{20:39:47.164} INFO: [Renderer]   |  1600x1024, bpp:24, hz:59.95, fmt: A8R8G8B8
{20:39:47.164} INFO: [Renderer]   |  1600x1024, bpp:24, hz:59.95, fmt: A8R8G8B8
{20:39:47.164} INFO: [Renderer]   |  1680x1050, bpp:24, hz:59.95, fmt: A8R8G8B8
{20:39:47.164} INFO: [Renderer]   |  1768x992, bpp:24, hz:74.97, fmt: A8R8G8B8
{20:39:47.164} INFO: [Renderer]   |  1768x992, bpp:24, hz:74.97, fmt: A8R8G8B8
{20:39:47.164} INFO: [Renderer]   |  1768x992, bpp:24, hz:60.00, fmt: A8R8G8B8
{20:39:47.164} INFO: [Renderer]   |  1768x992, bpp:24, hz:60.00, fmt: A8R8G8B8
{20:39:47.164} INFO: [Renderer]   |  1768x992, bpp:24, hz:59.94, fmt: A8R8G8B8
{20:39:47.164} INFO: [Renderer]   |  1768x992, bpp:24, hz:59.94, fmt: A8R8G8B8
{20:39:47.164} INFO: [Renderer]   |  1768x992, bpp:24, hz:50.00, fmt: A8R8G8B8
{20:39:47.164} INFO: [Renderer]   |  1768x992, bpp:24, hz:50.00, fmt: A8R8G8B8
{20:39:47.164} INFO: [Renderer]   |  1920x1080, bpp:24, hz:74.97, fmt: A8R8G8B8
{20:39:47.164} INFO: [Renderer]   |  1920x1080, bpp:24, hz:60.00, fmt: A8R8G8B8
{20:39:47.164} INFO: [Renderer]   |  1920x1080, bpp:24, hz:59.94, fmt: A8R8G8B8
{20:39:47.164} INFO: [Renderer]   |  1920x1080, bpp:24, hz:50.00, fmt: A8R8G8B8
{20:39:47.165} INFO: [INFO]       > Texture streaming lowest priority distance set to 100m
{20:39:47.165} INFO: [Renderer]   > WindowOffset 0 0
{20:39:47.226} DEBG: [DXGI]       > WM_SIZE 0, 1920x1071
{20:39:47.227} INFO: [INFO]       > CGame::AppWindowInit: window client area: 0x0, 1920x1071
{20:39:47.227} DEBG: [DXGI]       > [RChangeDeviceState] 1920x1080, fullscreen, 74973/1000 Hz
{20:39:47.227} DEBG: [DXGI]       >                  was 0x0, fullscreen, 0/0 Hz
{20:39:47.561} DEBG: [DXGI]       > WM_WINDOWPOSCHANGING 1920x1080
{20:39:47.561} DEBG: [DXGI]       > WM_WINDOWPOSCHANGING overridden to 1920x1080
{20:39:47.563} DEBG: [DXGI]       > WM_SIZE 0, 1920x1080
{20:39:47.563} DEBG: [DXGI]       > [RWinOnWmSize] requested 1920x1080
{20:39:47.563} DEBG: [DXGI]       > [RWinOnWmSize] swapchain was 1920x1080 fullscreen
{20:39:47.565} DEBG: [DXGI]       > [RWinOnWmSize] swapchain changed to 1920x1080 fullscreen
{20:39:47.568} INFO: [TexMgr]     > Max texture dimensions: 16384x16384x2048
{20:39:47.570} INFO: [MatMgr]     > Number of supported techniques: 61
{20:39:47.805} INFO: [MatMgr]     > Material pack 'optimized_dx11.mp' loaded.
{20:39:47.820} ERRR: [Parser]     > Param 2 in function glod() is not a float
{20:39:47.821} ERRR: [Parser]     > Param 2 in function glod() is not a float
{20:39:47.884} INFO: [INFO]       > Texture streaming buffer set to 1798MB
{20:39:47.885} INFO: [Video]      > //Video settings:
{20:39:47.885} INFO: [Video]      > Resolution(1920,1080)
{20:39:47.885} INFO: [Video]      > Fullscreen()
{20:39:47.885} INFO: [Video]      > Monitor(0)
{20:39:47.885} INFO: [Video]      > TextureQuality("High")
{20:39:47.885} INFO: [Video]      > VisRange(2.00, 2.00)
{20:39:47.885} INFO: [Video]      > ShadowMapSize(2048)
{20:39:47.885} INFO: [Video]      > SpotShadowMapSize(2048)
{20:39:47.885} INFO: [Video]      > GammaFloat(1.00)
{20:39:47.885} INFO: [Video]      > GrassQuality(0)
{20:39:47.885} INFO: [Video]      > VSync()
{20:39:47.885} INFO: [Video]      > NvidiaEffects(1, 1, 0)
{20:39:47.885} INFO: [Video]      > AmbientOcclusion(1)
{20:39:47.886} INFO: [Video]      > MotionBlur(1)
{20:39:47.886} INFO: [Video]      > AntiAliasing(1)
{20:39:47.886} INFO: [Video]      > DisableDWM(1)
{20:39:47.886} INFO: [Video]      > 3dtvSettings(-0.150000, 0.000000)
{20:39:47.886} INFO: [Video]      > Version(1)
{20:39:47.886} INFO: [INFO]       > >>>>> Audio init
{20:39:47.914} INFO: [INFO]       > FMOD::Driver: Altavoces (Realtek(R) Audio)
{20:39:47.917} INFO: [INFO]       > DriverCaps: FMOD_CAPS_OUTPUT_FORMAT_PCM8
{20:39:47.917} INFO: [INFO]       > DriverCaps: FMOD_CAPS_OUTPUT_FORMAT_PCM16
{20:39:47.917} INFO: [INFO]       > DriverCaps: FMOD_CAPS_OUTPUT_FORMAT_PCM24
{20:39:47.917} INFO: [INFO]       > DriverCaps: FMOD_CAPS_OUTPUT_FORMAT_PCM32
{20:39:47.917} INFO: [INFO]       > DriverCaps: FMOD_CAPS_OUTPUT_FORMAT_PCMFLOAT
{20:39:47.946} INFO: [INFO]       > FMOD is using (8) output type.
{20:39:47.946} INFO: [INFO]       > FMOD Software Format Info:
{20:39:47.946} INFO: [INFO]       | 	Out Sample Rate: <48000>
{20:39:47.946} INFO: [INFO]       | 	Format: <5>
{20:39:47.946} INFO: [INFO]       | 	Out Channels: <2>
{20:39:47.946} INFO: [INFO]       | 	Max Input Channels: <8>
{20:39:47.946} INFO: [INFO]       | 	Bits: <32>
{20:39:47.946} INFO: [INFO]       > FMOD Mixer blocksize        = 21.33 ms
{20:39:47.946} INFO: [INFO]       > FMOD Mixer blocks count     = 4
{20:39:47.946} INFO: [INFO]       > FMOD Mixer Total buffer size = 85.33 ms
{20:39:47.946} INFO: [INFO]       > FMOD Mixer Average Latency  = 53.33 ms
{20:39:47.948} INFO: [Audio]      > //Audio settings:
{20:39:47.948} INFO: [Audio]      > API("FMOD")
{20:39:47.948} INFO: [Audio]      > MixFrequency(48000)
{20:39:47.948} INFO: [Audio]      > Channels(40)
{20:39:47.948} INFO: [Audio]      > Quality3D("high")
{20:39:47.948} INFO: [Audio]      > MaxVolume(40)
{20:39:47.948} INFO: [Audio]      > FXVolume(40)
{20:39:47.948} INFO: [Audio]      > WaveVolume(40)
{20:39:47.948} INFO: [Audio]      > SpeechVolume(40)
{20:39:47.948} INFO: [Audio]      > MovieVolume(40)
{20:39:47.948} INFO: [Audio]      > MovieVolumeSource(0)
{20:39:47.948} INFO: [Audio]      > GlobalSettings("")
{20:39:47.948} INFO: [Audio]      > ReverbChannels(1)
{20:39:47.948} INFO: [Audio]      > MixerBlocksCount(0)
{20:39:47.948} INFO: [Audio]      > 
{20:39:47.954} INFO: [ResPack]    > Free resource loading disabled
{20:39:51.459} INFO: [INFO]       > [Input] Keyboard 0 enumerated: intance_name = Teclado, product_name = Teclado, GUID = {6f1d2b61-d5a0-11cf-bfc7-444553540000}
{20:39:51.472} INFO: [INFO]       > [CInput::SelectKeyboard] Keyboard 0 selected: Teclado, Teclado
{20:39:51.505} INFO: [INFO]       > [SDL::InitSDL] InitSDL successed!
{20:39:51.518} INFO: [Game]       > Game version: 1.43.0
{20:39:53.676} DEBG: [DXGI]       > WM_WINDOWPOSCHANGING 1926x1100
{20:39:53.676} DEBG: [DXGI]       > WM_WINDOWPOSCHANGING overridden to 1926x1109
{20:39:53.685} DEBG: [DXGI]       > WM_SIZE 0, 1920x1071
{20:39:53.685} DEBG: [DXGI]       > [RWinOnWmSize] requested 1920x1071
{20:39:53.685} DEBG: [DXGI]       > [RWinOnWmSize] swapchain was 1920x1080 windowed
{20:39:53.701} DEBG: [DXGI]       > [RWinOnWmSize] swapchain changed to 1920x1071 windowed
{20:39:55.998} ERRR: [Parser]     > Param 0 in function ID() is not a string
{20:39:55.999} ERRR: [Parser]     > Param 0 in function ID() is not a string
{20:39:55.999} ERRR: [Parser]     > Param 0 in function ID() is not a string
{20:39:55.999} ERRR: [Parser]     > Param 0 in function ID() is not a string
{20:39:55.999} ERRR: [Parser]     > Param 0 in function ID() is not a string
{20:39:55.999} ERRR: [Parser]     > Param 0 in function ID() is not a string
{20:39:55.999} ERRR: [Parser]     > Param 0 in function Hidden() is not a string
{20:39:55.999} ERRR: [Parser]     > Param 0 in function ID() is not a string
{20:39:55.999} ERRR: [Parser]     > Param 0 in function ID() is not a string
{20:39:55.999} ERRR: [Parser]     > Param 0 in function Hidden() is not a string
{20:39:55.999} ERRR: [Parser]     > Param 0 in function ID() is not a string
{20:39:55.999} ERRR: [Parser]     > Param 0 in function Hidden() is not a string
{20:39:55.999} ERRR: [Parser]     > Param 0 in function ID() is not a string
{20:39:55.999} ERRR: [Parser]     > Param 0 in function ID() is not a string
{20:39:55.999} ERRR: [Parser]     > Param 0 in function ID() is not a string
{20:39:55.999} ERRR: [Parser]     > Param 0 in function ID() is not a string
{20:39:55.999} ERRR: [Parser]     > Param 0 in function ID() is not a string
{20:39:55.999} ERRR: [Parser]     > Param 0 in function ID() is not a string
{20:39:55.999} ERRR: [Parser]     > Param 0 in function ID() is not a string
{20:39:55.999} ERRR: [Parser]     > Param 0 in function ID() is not a string
{20:39:55.999} ERRR: [Parser]     > Param 0 in function ID() is not a string
{20:39:56.234} DEBG: [DXGI]       > [RChangeDeviceState] 1920x1080, fullscreen, 74973/1000 Hz
{20:39:56.234} DEBG: [DXGI]       >                  was 1920x1080, fullscreen, 74973/1000 Hz
{20:39:56.524} DEBG: [DXGI]       > WM_SIZE 0, 1926x1100
{20:39:56.524} DEBG: [DXGI]       > [RWinOnWmSize] requested 1926x1100
{20:39:56.524} DEBG: [DXGI]       > [RWinOnWmSize] swapchain was 1920x1071 windowed
{20:39:56.525} DEBG: [DXGI]       > [RWinOnWmSize] swapchain changed to 1926x1100 windowed
{20:39:56.566} DEBG: [DXGI]       > WM_WINDOWPOSCHANGING 1920x1080
{20:39:56.566} DEBG: [DXGI]       > WM_WINDOWPOSCHANGING overridden to 1920x1080
{20:39:56.568} DEBG: [DXGI]       > WM_SIZE 0, 1920x1080
{20:39:56.568} DEBG: [DXGI]       > [RWinOnWmSize] requested 1920x1080
{20:39:56.568} DEBG: [DXGI]       > [RWinOnWmSize] swapchain was 1926x1100 fullscreen
{20:39:56.569} DEBG: [DXGI]       > [RWinOnWmSize] swapchain changed to 1920x1080 fullscreen
{20:39:56.599} DEBG: [DXGI]       > WM_WINDOWPOSCHANGING 1920x1080
{20:39:56.599} DEBG: [DXGI]       > WM_WINDOWPOSCHANGING overridden to 1920x1080
{20:39:56.623} INFO: [Video]      > //Video settings:
{20:39:56.623} INFO: [Video]      > Resolution(1920,1080)
{20:39:56.623} INFO: [Video]      > Fullscreen()
{20:39:56.623} INFO: [Video]      > Monitor(0)
{20:39:56.623} INFO: [Video]      > TextureQuality("High")
{20:39:56.623} INFO: [Video]      > VisRange(2.00, 2.00)
{20:39:56.623} INFO: [Video]      > ShadowMapSize(2048)
{20:39:56.623} INFO: [Video]      > SpotShadowMapSize(2048)
{20:39:56.623} INFO: [Video]      > GammaFloat(1.00)
{20:39:56.623} INFO: [Video]      > GrassQuality(0)
{20:39:56.623} INFO: [Video]      > VSync()
{20:39:56.623} INFO: [Video]      > NvidiaEffects(1, 1, 0)
{20:39:56.623} INFO: [Video]      > AmbientOcclusion(1)
{20:39:56.623} INFO: [Video]      > MotionBlur(1)
{20:39:56.623} INFO: [Video]      > AntiAliasing(1)
{20:39:56.623} INFO: [Video]      > DisableDWM(1)
{20:39:56.623} INFO: [Video]      > 3dtvSettings(-0.150000, 0.000000)
{20:39:56.623} INFO: [Video]      > Version(1)
{20:39:56.707} ERRR: [RestClient] > SendRequest failed. Unable to establish connection with server. Check you have a working network connection.
{20:40:07.925} ERRR: [RTTI]       > ERROR in preset file humanai_dlc39.pre --- duplicated preset name enc_gaas_oldtown_new_enemy_02 in group Character
{20:40:07.925} ERRR: [RTTI]       > ERROR in preset file humanai_dlc39.pre --- duplicated preset name Volatile_Final in group Character
{20:40:07.933} ERRR: [RTTI]       > ERROR in preset file physicalswitchdi_dlc17.pre --- duplicated preset name IT_crate_opening in group Type
{20:40:08.628} ERRR: [Parser]     > Param 0 in function BySpikes() is not a bool
{20:40:08.849} ERRR: [Quests]     > [65535] [Quests::QuestManager::ReadFileDefinitions] There aren't any root nodes in the file - probably invalid xml contents
{20:40:08.849} ERRR: [Quests]     > [65535] Failed reading quest definition from file data/quests/stadium/stadium_arena2_quest.xml
{20:40:09.412} ERRR: [Quests]     > [65535] [Quests::QuestManager::ReadFileDefinitions] There aren't any root nodes in the file - probably invalid xml contents
{20:40:09.412} ERRR: [Quests]     > [65535] Failed reading quest definition from file data/quests/stadium/stadium_arena2_quest.xml
{20:40:19.061} ERRR: [Parser]     > Param 0 in function ID() is not a string
{20:40:19.061} ERRR: [Parser]     > Param 0 in function ID() is not a string
{20:40:19.061} ERRR: [Parser]     > Param 0 in function ID() is not a string
{20:40:19.061} ERRR: [Parser]     > Param 0 in function ID() is not a string
{20:40:19.061} ERRR: [Parser]     > Param 0 in function ID() is not a string
{20:40:19.061} ERRR: [Parser]     > Param 0 in function ID() is not a string
{20:40:19.061} ERRR: [Parser]     > Param 0 in function Hidden() is not a string
{20:40:19.061} ERRR: [Parser]     > Param 0 in function ID() is not a string
{20:40:19.061} ERRR: [Parser]     > Param 0 in function ID() is not a string
{20:40:19.061} ERRR: [Parser]     > Param 0 in function Hidden() is not a string
{20:40:19.061} ERRR: [Parser]     > Param 0 in function ID() is not a string
{20:40:19.061} ERRR: [Parser]     > Param 0 in function Hidden() is not a string
{20:40:19.061} ERRR: [Parser]     > Param 0 in function ID() is not a string
{20:40:19.061} ERRR: [Parser]     > Param 0 in function ID() is not a string
{20:40:19.061} ERRR: [Parser]     > Param 0 in function ID() is not a string
{20:40:19.061} ERRR: [Parser]     > Param 0 in function ID() is not a string
{20:40:19.061} ERRR: [Parser]     > Param 0 in function ID() is not a string
{20:40:19.061} ERRR: [Parser]     > Param 0 in function ID() is not a string
{20:40:19.061} ERRR: [Parser]     > Param 0 in function ID() is not a string
{20:40:19.061} ERRR: [Parser]     > Param 0 in function ID() is not a string
{20:40:19.061} ERRR: [Parser]     > Param 0 in function ID() is not a string
{20:40:19.141} ERRR: [RestClient] > SendRequest failed. Unable to establish connection with server. Check you have a working network connection.
{20:40:33.787} INFO: [INFO]       > ---------------------------------------------------------
{20:40:33.787} INFO: [INFO]       > Time of playing game: 47.636772s
{20:40:33.787} INFO: [INFO]       > Updated frames: 1896 Rendered frames: 1555
{20:40:33.787} INFO: [INFO]       > Average FPS: 32.642853
{20:40:33.787} INFO: [INFO]       > ---------------------------------------------------------
{20:40:33.874} ERRR: [ERRR]       > [CUITextureManager::Destroy] referenced texture definition 1 [file_name=<menu_buttons.dds> engine_id=<btn_cornerLT> script_id=<11> m_rRect=<0.000000,0.000000,58.000000,64.000000> m_iRefCount=1]
{20:40:33.874} ERRR: [ERRR]       > [CUITextureManager::Destroy] referenced texture definition 1 [file_name=<menu_frames.dds> engine_id=<btn_cornerLT_sel> script_id=<11> m_rRect=<0.000000,0.000000,64.000000,64.000000> m_iRefCount=1]
{20:40:33.874} ERRR: [ERRR]       > [CUITextureManager::Destroy] referenced texture definition 1 [file_name=<menu_buttons.dds> engine_id=<btn_cornerRT> script_id=<11> m_rRect=<199.000000,0.000000,256.000000,64.000000> m_iRefCount=1]
{20:40:33.874} ERRR: [ERRR]       > [CUITextureManager::Destroy] referenced texture definition 1 [file_name=<menu_frames.dds> engine_id=<btn_cornerRT_sel> script_id=<11> m_rRect=<192.000000,0.000000,256.000000,64.000000> m_iRefCount=1]
{20:40:33.874} ERRR: [ERRR]       > [CUITextureManager::Destroy] referenced texture definition 1 [file_name=<menu_buttons.dds> engine_id=<btn_top> script_id=<11> m_rRect=<58.000000,0.000000,198.000000,64.000000> m_iRefCount=1]
{20:40:33.874} ERRR: [ERRR]       > [CUITextureManager::Destroy] referenced texture definition 1 [file_name=<menu_frames.dds> engine_id=<btn_top_sel> script_id=<11> m_rRect=<64.000000,0.000000,191.000000,64.000000> m_iRefCount=1]
{20:40:33.979} ERRR: [ERRR]       > [CUITextureManager::Destroy] referenced texture definition 2 [file_name=<menu_buttons.dds> engine_id=<btn_cornerLT> script_id=<3> m_rRect=<0.000000,0.000000,58.000000,64.000000> m_iRefCount=2]
{20:40:33.979} ERRR: [ERRR]       > [CUITextureManager::Destroy] referenced texture definition 2 [file_name=<menu_frames.dds> engine_id=<btn_cornerLT_sel> script_id=<3> m_rRect=<0.000000,0.000000,64.000000,64.000000> m_iRefCount=2]
{20:40:33.979} ERRR: [ERRR]       > [CUITextureManager::Destroy] referenced texture definition 2 [file_name=<menu_buttons.dds> engine_id=<btn_cornerRT> script_id=<3> m_rRect=<199.000000,0.000000,256.000000,64.000000> m_iRefCount=2]
{20:40:33.979} ERRR: [ERRR]       > [CUITextureManager::Destroy] referenced texture definition 2 [file_name=<menu_frames.dds> engine_id=<btn_cornerRT_sel> script_id=<3> m_rRect=<192.000000,0.000000,256.000000,64.000000> m_iRefCount=2]
{20:40:33.979} ERRR: [ERRR]       > [CUITextureManager::Destroy] referenced texture definition 2 [file_name=<menu_buttons.dds> engine_id=<btn_top> script_id=<3> m_rRect=<58.000000,0.000000,198.000000,64.000000> m_iRefCount=2]
{20:40:33.979} ERRR: [ERRR]       > [CUITextureManager::Destroy] referenced texture definition 2 [file_name=<menu_frames.dds> engine_id=<btn_top_sel> script_id=<3> m_rRect=<64.000000,0.000000,191.000000,64.000000> m_iRefCount=2]
{20:40:35.458} INFO: [Renderer]   > [r_Shutdown] Dll released
